<?xml version="1.0" encoding="UTF-8"?>
<testsuite name="es.esi.cr.iso.gestionmesas.controller.GestorMesasTest" time="0.19" tests="2" errors="0" skipped="0" failures="0">
  <properties>
    <property name="java.runtime.name" value="Java(TM) SE Runtime Environment"/>
    <property name="java.vm.version" value="11.0.5+10-LTS"/>
    <property name="sun.boot.library.path" value="C:\Program Files\Java\jdk-11.0.5\bin"/>
    <property name="maven.multiModuleProjectDirectory" value="C:\Users\Alarcos\git\viu\gestormesas\gestionmesas"/>
    <property name="java.vm.vendor" value="Oracle Corporation"/>
    <property name="java.vendor.url" value="http://java.oracle.com/"/>
    <property name="guice.disable.misplaced.annotation.check" value="true"/>
    <property name="path.separator" value=";"/>
    <property name="java.vm.name" value="Java HotSpot(TM) 64-Bit Server VM"/>
    <property name="sun.os.patch.level" value=""/>
    <property name="user.script" value=""/>
    <property name="user.country" value="ES"/>
    <property name="sun.java.launcher" value="SUN_STANDARD"/>
    <property name="java.vm.specification.name" value="Java Virtual Machine Specification"/>
    <property name="user.dir" value="C:\Users\Alarcos\git\viu\gestormesas\gestionmesas"/>
    <property name="java.vm.compressedOopsMode" value="Zero based"/>
    <property name="java.runtime.version" value="11.0.5+10-LTS"/>
    <property name="java.awt.graphicsenv" value="sun.awt.Win32GraphicsEnvironment"/>
    <property name="os.arch" value="amd64"/>
    <property name="java.io.tmpdir" value="C:\Users\Alarcos\AppData\Local\Temp\"/>
    <property name="line.separator" value="&#10;"/>
    <property name="java.vm.specification.vendor" value="Oracle Corporation"/>
    <property name="user.variant" value=""/>
    <property name="os.name" value="Windows 10"/>
    <property name="classworlds.conf" value="D:\OneDrive - Universidad de Castilla-La Mancha\Universidad\DOCENCIA\VIU\42GIIN_Calidad de Software\Actividades\ws\.metadata\.plugins\org.eclipse.m2e.launching\launches\m2conf17928095453280013013.tmp"/>
    <property name="sun.jnu.encoding" value="Cp1252"/>
    <property name="java.library.path" value="C:\Program Files\Java\jdk-11.0.5\bin;C:\WINDOWS\Sun\Java\bin;C:\WINDOWS\system32;C:\WINDOWS;C:/eclipse/eclipse//plugins/org.eclipse.justj.openjdk.hotspot.jre.full.win32.x86_64_16.0.2.v20210721-1149/jre/bin/server;C:/eclipse/eclipse//plugins/org.eclipse.justj.openjdk.hotspot.jre.full.win32.x86_64_16.0.2.v20210721-1149/jre/bin;C:\Users\Alarcos\AppData\Local\Programs\Python\Python38;C:\Rtools\bin;C:\Program Files\Java\jdk-11.0.5\bin;C:\Program Files\Java\jdk1.8.0_191\bin;C:\Program Files (x86)\Common Files\Oracle\Java\javapath;C:\ProgramData\Oracle\Java\javapath;C:\Program Files (x86)\Intel\iCLS Client\;C:\Program Files\Intel\iCLS Client\;C:\WINDOWS\system32;C:\WINDOWS;C:\WINDOWS\System32\Wbem;C:\WINDOWS\System32\WindowsPowerShell\v1.0\;C:\Program Files (x86)\Common Files\Acronis\SnapAPI\;C:\Program Files\AutoFirma\AutoFirma;C:\Program Files\PostgreSQL\10\bin;C:\Program Files\Java\jdk1.8.0_151\bin;C:\Program Files\Git\cmd;C:\Program Files (x86)\GitExtensions\;C:\Program Files\apache-maven-3.5.0\bin;C:\Users\Alarcos\Downloads\sissy;C:\Program Files (x86)\Java\jdk1.8.0_151\bin;C:\Program Files (x86)\PuTTY\;C:\WINDOWS\System32\OpenSSH\;C:\Users\Alarcos\Downloads\sonar-msbuild;C:\Program Files\dotnet\;C:\Windows\Microsoft.NET\Framework\v4.0.30319\;C:\Program Files\Microsoft SQL Server\130\Tools\Binn\;C:\Program Files\Intel\WiFi\bin\;C:\Program Files\Common Files\Intel\WirelessCommon\;C:\Program Files\MongoDB\Server\4.0\bin;C:\Program Files (x86)\gs\gs9.27\bin;C:\Program Files\Microsoft SQL Server\Client SDK\ODBC\170\Tools\Binn\;C:\Program Files (x86)\Microsoft SQL Server\150\Tools\Binn\;C:\Users\Alarcos\AppData\Roaming\npm\node_modules\selenium-side-runner\node_modules\selenium-webdriver;D:\OneDrive - Universidad de Castilla-La Mancha\Universidad\OTROS\fichaje;C:\Program Files (x86)\dotnet\;C:\Program Files\Docker\Docker\resources\bin;C:\ProgramData\DockerDesktop\version-bin;C:\Program Files\mongosh-1.1.0-win32-x64\bin;C:\Users\Alarcos\AppData\Local\Programs\Python\Python38\Scripts;C:\Program Files\sonar-scanner-4.6.2.2472-windows\bin;C:\Program Files\sonarqube-9.2.4.50792\bin\windows-x86-64;C:\Program Files\gradle-7.4\bin;C:\Program Files\nodejs\;C:\Users\Alarcos\AppData\Local\Programs\Python\Python37\Scripts\;C:\Users\Alarcos\AppData\Local\Programs\Python\Python37\;C:\Users\Alarcos\Anaconda3;C:\Users\Alarcos\Anaconda3\Library\mingw-w64\bin;C:\Users\Alarcos\Anaconda3\Library\usr\bin;C:\Users\Alarcos\Anaconda3\Library\bin;C:\Users\Alarcos\Anaconda3\Scripts;C:\Program Files\Intel\WiFi\bin\;C:\Program Files\Common Files\Intel\WirelessCommon\;C:\Users\Alarcos\AppData\Local\Microsoft\WindowsApps;C:\Users\Alarcos\AppData\Local\Programs\MiKTeX 2.9\miktex\bin\x64\;C:\Users\Alarcos\AppData\Local\ComposerSetup\bin;C:\Users\Alarcos\AppData\Roaming\Composer\vendor\bin;C:\Users\Alarcos\AppData\Local\Programs\Microsoft VS Code\bin;C:\Users\Alarcos\.dotnet\tools;C:\Users\Alarcos\.dotnet\tools;C:\Users\Alarcos\AppData\Roaming\npm;C:\eclipse\eclipse;;."/>
    <property name="jdk.debug" value="release"/>
    <property name="java.class.version" value="55.0"/>
    <property name="java.specification.name" value="Java Platform API Specification"/>
    <property name="sun.management.compiler" value="HotSpot 64-Bit Tiered Compilers"/>
    <property name="os.version" value="10.0"/>
    <property name="user.home" value="C:\Users\Alarcos"/>
    <property name="user.timezone" value="Europe/Paris"/>
    <property name="java.awt.printerjob" value="sun.awt.windows.WPrinterJob"/>
    <property name="file.encoding" value="Cp1252"/>
    <property name="java.specification.version" value="11"/>
    <property name="user.name" value="Alarcos"/>
    <property name="java.class.path" value="C:\eclipse\eclipse\plugins\org.eclipse.m2e.maven.runtime_1.18.0.20210618-2246\jars\plexus-classworlds-2.6.0.jar"/>
    <property name="java.vm.specification.version" value="11"/>
    <property name="sun.arch.data.model" value="64"/>
    <property name="sun.java.command" value="org.codehaus.plexus.classworlds.launcher.Launcher -B clean site:site"/>
    <property name="java.home" value="C:\Program Files\Java\jdk-11.0.5"/>
    <property name="user.language" value="es"/>
    <property name="java.specification.vendor" value="Oracle Corporation"/>
    <property name="awt.toolkit" value="sun.awt.windows.WToolkit"/>
    <property name="java.vm.info" value="mixed mode"/>
    <property name="java.version" value="11.0.5"/>
    <property name="java.vendor" value="Oracle Corporation"/>
    <property name="maven.home" value="C:\Users\Alarcos\git\viu\gestormesas\gestionmesas\EMBEDDED"/>
    <property name="file.separator" value="\"/>
    <property name="java.version.date" value="2019-10-15"/>
    <property name="java.vendor.url.bug" value="http://bugreport.java.com/bugreport/"/>
    <property name="sun.io.unicode.encoding" value="UnicodeLittle"/>
    <property name="sun.cpu.endian" value="little"/>
    <property name="java.vendor.version" value="18.9"/>
    <property name="sun.desktop" value="windows"/>
    <property name="sun.cpu.isalist" value="amd64"/>
  </properties>
  <testcase name="test" classname="es.esi.cr.iso.gestionmesas.controller.GestorMesasTest" time="0.129"/>
  <testcase name="testReload" classname="es.esi.cr.iso.gestionmesas.controller.GestorMesasTest" time="0.061"/>
</testsuite>